  Assembling fibonacci.asm...
fibonacci.asm(13): error A2008: syntax error : .
fibonacci.asm(33): error A2008: syntax error : near
fibonacci.asm(39): error A2070: invalid instruction operands
fibonacci.asm(45): error A2070: invalid instruction operands
fibonacci.asm(46): error A2070: invalid instruction operands
fibonacci.asm(75): error A2070: invalid instruction operands
fibonacci.asm(82): error A2070: invalid instruction operands
fibonacci.asm(88): error A2070: invalid instruction operands
fibonacci.asm(89): error A2070: invalid instruction operands
fibonacci.asm(93): error A2070: invalid instruction operands
fibonacci.asm(96): error A2070: invalid instruction operands
fibonacci.asm(101): error A2070: invalid instruction operands
fibonacci.asm(103): error A2070: invalid instruction operands
fibonacci.asm(106): error A2070: invalid instruction operands
fibonacci.asm(107): error A2070: invalid instruction operands
fibonacci.asm(108): error A2070: invalid instruction operands
fibonacci.asm(114): error A2070: invalid instruction operands
fibonacci.asm(118): error A2070: invalid instruction operands
fibonacci.asm(119): error A2070: invalid instruction operands
fibonacci.asm(120): error A2070: invalid instruction operands
fibonacci.asm(129): error A2070: invalid instruction operands
fibonacci.asm(130): error A2070: invalid instruction operands
fibonacci.asm(131): error A2070: invalid instruction operands
fibonacci.asm(135): error A2070: invalid instruction operands
fibonacci.asm(141): error A2070: invalid instruction operands
fibonacci.asm(142): error A2070: invalid instruction operands
fibonacci.asm(151): error A2070: invalid instruction operands
fibonacci.asm(157): error A2070: invalid instruction operands
fibonacci.asm(158): error A2070: invalid instruction operands
fibonacci.asm(174): error A2070: invalid instruction operands
fibonacci.asm(180): error A2070: invalid instruction operands
fibonacci.asm(181): error A2070: invalid instruction operands
fibonacci.asm(186): fatal error A1010: unmatched block nesting : fibonacci
C:\Program Files\Microsoft Visual Studio\2022\Community\MSBuild\Microsoft\VC\v170\BuildCustomizations\masm.targets(70,5): error MSB3721: The command "ml64.exe /c /nologo /Zi /Fo"MASM\x64\Debug\fibonacci.obj" /W3 /errorReport:prompt  /Tafibonacci.asm" exited with code 1.
